10:19:49 **** Build of project sss_bsp ****
make -k all 
Running Make include in psu_cortexr5_0/libsrc/csudma_v1_2/src
make -C psu_cortexr5_0/libsrc/csudma_v1_2/src -s include  "SHELL=/bin/sh" "COMPILER=armr5-none-eabi-gcc" "ARCHIVER=armr5-none-eabi-ar" "COMPILER_FLAGS=  -O2 -c -mcpu=cortex-r5" "EXTRA_COMPILER_FLAGS=-g -DARMR5 -Wall -Wextra  -mfpu=vfpv3-d16"
Running Make include in psu_cortexr5_0/libsrc/zdma_v1_5/src
make -C psu_cortexr5_0/libsrc/zdma_v1_5/src -s include  "SHELL=/bin/sh" "COMPILER=armr5-none-eabi-gcc" "ARCHIVER=armr5-none-eabi-ar" "COMPILER_FLAGS=  -O2 -c -mcpu=cortex-r5" "EXTRA_COMPILER_FLAGS=-g -DARMR5 -Wall -Wextra  -mfpu=vfpv3-d16"
Running Make include in psu_cortexr5_0/libsrc/ipipsu_v2_3/src
make -C psu_cortexr5_0/libsrc/ipipsu_v2_3/src -s include  "SHELL=/bin/sh" "COMPILER=armr5-none-eabi-gcc" "ARCHIVER=armr5-none-eabi-ar" "COMPILER_FLAGS=  -O2 -c -mcpu=cortex-r5" "EXTRA_COMPILER_FLAGS=-g -DARMR5 -Wall -Wextra  -mfpu=vfpv3-d16"
Running Make include in psu_cortexr5_0/libsrc/gpiops_v3_3/src
make -C psu_cortexr5_0/libsrc/gpiops_v3_3/src -s include  "SHELL=/bin/sh" "COMPILER=armr5-none-eabi-gcc" "ARCHIVER=armr5-none-eabi-ar" "COMPILER_FLAGS=  -O2 -c -mcpu=cortex-r5" "EXTRA_COMPILER_FLAGS=-g -DARMR5 -Wall -Wextra  -mfpu=vfpv3-d16"
Running Make include in psu_cortexr5_0/libsrc/scugic_v3_9/src
make -C psu_cortexr5_0/libsrc/scugic_v3_9/src -s include  "SHELL=/bin/sh" "COMPILER=armr5-none-eabi-gcc" "ARCHIVER=armr5-none-eabi-ar" "COMPILER_FLAGS=  -O2 -c -mcpu=cortex-r5" "EXTRA_COMPILER_FLAGS=-g -DARMR5 -Wall -Wextra  -mfpu=vfpv3-d16"
Running Make include in psu_cortexr5_0/libsrc/uartps_v3_6/src
make -C psu_cortexr5_0/libsrc/uartps_v3_6/src -s include  "SHELL=/bin/sh" "COMPILER=armr5-none-eabi-gcc" "ARCHIVER=armr5-none-eabi-ar" "COMPILER_FLAGS=  -O2 -c -mcpu=cortex-r5" "EXTRA_COMPILER_FLAGS=-g -DARMR5 -Wall -Wextra  -mfpu=vfpv3-d16"
Running Make include in psu_cortexr5_0/libsrc/avbuf_v2_2/src
make -C psu_cortexr5_0/libsrc/avbuf_v2_2/src -s include  "SHELL=/bin/sh" "COMPILER=armr5-none-eabi-gcc" "ARCHIVER=armr5-none-eabi-ar" "COMPILER_FLAGS=  -O2 -c -mcpu=cortex-r5" "EXTRA_COMPILER_FLAGS=-g -DARMR5 -Wall -Wextra  -mfpu=vfpv3-d16"
Running Make include in psu_cortexr5_0/libsrc/dpdma_v1_1/src
make -C psu_cortexr5_0/libsrc/dpdma_v1_1/src -s include  "SHELL=/bin/sh" "COMPILER=armr5-none-eabi-gcc" "ARCHIVER=armr5-none-eabi-ar" "COMPILER_FLAGS=  -O2 -c -mcpu=cortex-r5" "EXTRA_COMPILER_FLAGS=-g -DARMR5 -Wall -Wextra  -mfpu=vfpv3-d16"
Running Make include in psu_cortexr5_0/libsrc/freertos10_xilinx_v1_1/src
make -C psu_cortexr5_0/libsrc/freertos10_xilinx_v1_1/src -s include  "SHELL=/bin/sh" "COMPILER=armr5-none-eabi-gcc" "ARCHIVER=armr5-none-eabi-ar" "COMPILER_FLAGS=  -O2 -c -mcpu=cortex-r5" "EXTRA_COMPILER_FLAGS=-g -DARMR5 -Wall -Wextra  -mfpu=vfpv3-d16"
include
Running Make include in psu_cortexr5_0/libsrc/iicps_v3_7/src
make -C psu_cortexr5_0/libsrc/iicps_v3_7/src -s include  "SHELL=/bin/sh" "COMPILER=armr5-none-eabi-gcc" "ARCHIVER=armr5-none-eabi-ar" "COMPILER_FLAGS=  -O2 -c -mcpu=cortex-r5" "EXTRA_COMPILER_FLAGS=-g -DARMR5 -Wall -Wextra  -mfpu=vfpv3-d16"
Running Make include in psu_cortexr5_0/libsrc/resetps_v1_1/src
make -C psu_cortexr5_0/libsrc/resetps_v1_1/src -s include  "SHELL=/bin/sh" "COMPILER=armr5-none-eabi-gcc" "ARCHIVER=armr5-none-eabi-ar" "COMPILER_FLAGS=  -O2 -c -mcpu=cortex-r5" "EXTRA_COMPILER_FLAGS=-g -DARMR5 -Wall -Wextra  -mfpu=vfpv3-d16"
Running Make include in psu_cortexr5_0/libsrc/libmetal_v1_4/src
make -C psu_cortexr5_0/libsrc/libmetal_v1_4/src -s include  "SHELL=/bin/sh" "COMPILER=armr5-none-eabi-gcc" "ARCHIVER=armr5-none-eabi-ar" "COMPILER_FLAGS=  -O2 -c -mcpu=cortex-r5" "EXTRA_COMPILER_FLAGS=-g -DARMR5 -Wall -Wextra  -mfpu=vfpv3-d16"
Running Make include in psu_cortexr5_0/libsrc/wdtps_v3_0/src
make -C psu_cortexr5_0/libsrc/wdtps_v3_0/src -s include  "SHELL=/bin/sh" "COMPILER=armr5-none-eabi-gcc" "ARCHIVER=armr5-none-eabi-ar" "COMPILER_FLAGS=  -O2 -c -mcpu=cortex-r5" "EXTRA_COMPILER_FLAGS=-g -DARMR5 -Wall -Wextra  -mfpu=vfpv3-d16"
Running Make include in psu_cortexr5_0/libsrc/video_common_v4_4/src
make -C psu_cortexr5_0/libsrc/video_common_v4_4/src -s include  "SHELL=/bin/sh" "COMPILER=armr5-none-eabi-gcc" "ARCHIVER=armr5-none-eabi-ar" "COMPILER_FLAGS=  -O2 -c -mcpu=cortex-r5" "EXTRA_COMPILER_FLAGS=-g -DARMR5 -Wall -Wextra  -mfpu=vfpv3-d16"
Running Make include in psu_cortexr5_0/libsrc/rtcpsu_v1_5/src
make -C psu_cortexr5_0/libsrc/rtcpsu_v1_5/src -s include  "SHELL=/bin/sh" "COMPILER=armr5-none-eabi-gcc" "ARCHIVER=armr5-none-eabi-ar" "COMPILER_FLAGS=  -O2 -c -mcpu=cortex-r5" "EXTRA_COMPILER_FLAGS=-g -DARMR5 -Wall -Wextra  -mfpu=vfpv3-d16"
Running Make include in psu_cortexr5_0/libsrc/ddrcpsu_v1_1/src
make -C psu_cortexr5_0/libsrc/ddrcpsu_v1_1/src -s include  "SHELL=/bin/sh" "COMPILER=armr5-none-eabi-gcc" "ARCHIVER=armr5-none-eabi-ar" "COMPILER_FLAGS=  -O2 -c -mcpu=cortex-r5" "EXTRA_COMPILER_FLAGS=-g -DARMR5 -Wall -Wextra  -mfpu=vfpv3-d16"
Running Make include in psu_cortexr5_0/libsrc/spips_v3_1/src
make -C psu_cortexr5_0/libsrc/spips_v3_1/src -s include  "SHELL=/bin/sh" "COMPILER=armr5-none-eabi-gcc" "ARCHIVER=armr5-none-eabi-ar" "COMPILER_FLAGS=  -O2 -c -mcpu=cortex-r5" "EXTRA_COMPILER_FLAGS=-g -DARMR5 -Wall -Wextra  -mfpu=vfpv3-d16"
Running Make include in psu_cortexr5_0/libsrc/sysmonpsu_v2_4/src
make -C psu_cortexr5_0/libsrc/sysmonpsu_v2_4/src -s include  "SHELL=/bin/sh" "COMPILER=armr5-none-eabi-gcc" "ARCHIVER=armr5-none-eabi-ar" "COMPILER_FLAGS=  -O2 -c -mcpu=cortex-r5" "EXTRA_COMPILER_FLAGS=-g -DARMR5 -Wall -Wextra  -mfpu=vfpv3-d16"
Running Make include in psu_cortexr5_0/libsrc/ttcps_v3_6/src
make -C psu_cortexr5_0/libsrc/ttcps_v3_6/src -s include  "SHELL=/bin/sh" "COMPILER=armr5-none-eabi-gcc" "ARCHIVER=armr5-none-eabi-ar" "COMPILER_FLAGS=  -O2 -c -mcpu=cortex-r5" "EXTRA_COMPILER_FLAGS=-g -DARMR5 -Wall -Wextra  -mfpu=vfpv3-d16"
Running Make include in psu_cortexr5_0/libsrc/cpu_cortexr5_v1_4/src
make -C psu_cortexr5_0/libsrc/cpu_cortexr5_v1_4/src -s include  "SHELL=/bin/sh" "COMPILER=armr5-none-eabi-gcc" "ARCHIVER=armr5-none-eabi-ar" "COMPILER_FLAGS=  -O2 -c -mcpu=cortex-r5" "EXTRA_COMPILER_FLAGS=-g -DARMR5 -Wall -Wextra  -mfpu=vfpv3-d16"
Running Make include in psu_cortexr5_0/libsrc/axipmon_v6_6/src
make -C psu_cortexr5_0/libsrc/axipmon_v6_6/src -s include  "SHELL=/bin/sh" "COMPILER=armr5-none-eabi-gcc" "ARCHIVER=armr5-none-eabi-ar" "COMPILER_FLAGS=  -O2 -c -mcpu=cortex-r5" "EXTRA_COMPILER_FLAGS=-g -DARMR5 -Wall -Wextra  -mfpu=vfpv3-d16"
Running Make include in psu_cortexr5_0/libsrc/sdps_v3_5/src
make -C psu_cortexr5_0/libsrc/sdps_v3_5/src -s include  "SHELL=/bin/sh" "COMPILER=armr5-none-eabi-gcc" "ARCHIVER=armr5-none-eabi-ar" "COMPILER_FLAGS=  -O2 -c -mcpu=cortex-r5" "EXTRA_COMPILER_FLAGS=-g -DARMR5 -Wall -Wextra  -mfpu=vfpv3-d16"
Running Make include in psu_cortexr5_0/libsrc/coresightps_dcc_v1_4/src
make -C psu_cortexr5_0/libsrc/coresightps_dcc_v1_4/src -s include  "SHELL=/bin/sh" "COMPILER=armr5-none-eabi-gcc" "ARCHIVER=armr5-none-eabi-ar" "COMPILER_FLAGS=  -O2 -c -mcpu=cortex-r5" "EXTRA_COMPILER_FLAGS=-g -DARMR5 -Wall -Wextra  -mfpu=vfpv3-d16"
Running Make include in psu_cortexr5_0/libsrc/usbpsu_v1_4/src
make -C psu_cortexr5_0/libsrc/usbpsu_v1_4/src -s include  "SHELL=/bin/sh" "COMPILER=armr5-none-eabi-gcc" "ARCHIVER=armr5-none-eabi-ar" "COMPILER_FLAGS=  -O2 -c -mcpu=cortex-r5" "EXTRA_COMPILER_FLAGS=-g -DARMR5 -Wall -Wextra  -mfpu=vfpv3-d16"
Running Make libs in psu_cortexr5_0/libsrc/csudma_v1_2/src
make -C psu_cortexr5_0/libsrc/csudma_v1_2/src -s libs  "SHELL=/bin/sh" "COMPILER=armr5-none-eabi-gcc" "ARCHIVER=armr5-none-eabi-ar" "COMPILER_FLAGS=  -O2 -c -mcpu=cortex-r5" "EXTRA_COMPILER_FLAGS=-g -DARMR5 -Wall -Wextra  -mfpu=vfpv3-d16"
Compiling csudma
armr5-none-eabi-ar: creating ../../../lib/libxil.a
Running Make libs in psu_cortexr5_0/libsrc/zdma_v1_5/src
make -C psu_cortexr5_0/libsrc/zdma_v1_5/src -s libs  "SHELL=/bin/sh" "COMPILER=armr5-none-eabi-gcc" "ARCHIVER=armr5-none-eabi-ar" "COMPILER_FLAGS=  -O2 -c -mcpu=cortex-r5" "EXTRA_COMPILER_FLAGS=-g -DARMR5 -Wall -Wextra  -mfpu=vfpv3-d16"
Compiling zdma
Running Make libs in psu_cortexr5_0/libsrc/ipipsu_v2_3/src
make -C psu_cortexr5_0/libsrc/ipipsu_v2_3/src -s libs  "SHELL=/bin/sh" "COMPILER=armr5-none-eabi-gcc" "ARCHIVER=armr5-none-eabi-ar" "COMPILER_FLAGS=  -O2 -c -mcpu=cortex-r5" "EXTRA_COMPILER_FLAGS=-g -DARMR5 -Wall -Wextra  -mfpu=vfpv3-d16"
Compiling ipipsu
Running Make libs in psu_cortexr5_0/libsrc/gpiops_v3_3/src
make -C psu_cortexr5_0/libsrc/gpiops_v3_3/src -s libs  "SHELL=/bin/sh" "COMPILER=armr5-none-eabi-gcc" "ARCHIVER=armr5-none-eabi-ar" "COMPILER_FLAGS=  -O2 -c -mcpu=cortex-r5" "EXTRA_COMPILER_FLAGS=-g -DARMR5 -Wall -Wextra  -mfpu=vfpv3-d16"
Compiling gpiops
Running Make libs in psu_cortexr5_0/libsrc/scugic_v3_9/src
make -C psu_cortexr5_0/libsrc/scugic_v3_9/src -s libs  "SHELL=/bin/sh" "COMPILER=armr5-none-eabi-gcc" "ARCHIVER=armr5-none-eabi-ar" "COMPILER_FLAGS=  -O2 -c -mcpu=cortex-r5" "EXTRA_COMPILER_FLAGS=-g -DARMR5 -Wall -Wextra  -mfpu=vfpv3-d16"
Compiling scugic
Running Make libs in psu_cortexr5_0/libsrc/uartps_v3_6/src
make -C psu_cortexr5_0/libsrc/uartps_v3_6/src -s libs  "SHELL=/bin/sh" "COMPILER=armr5-none-eabi-gcc" "ARCHIVER=armr5-none-eabi-ar" "COMPILER_FLAGS=  -O2 -c -mcpu=cortex-r5" "EXTRA_COMPILER_FLAGS=-g -DARMR5 -Wall -Wextra  -mfpu=vfpv3-d16"
Compiling uartps
Running Make libs in psu_cortexr5_0/libsrc/avbuf_v2_2/src
make -C psu_cortexr5_0/libsrc/avbuf_v2_2/src -s libs  "SHELL=/bin/sh" "COMPILER=armr5-none-eabi-gcc" "ARCHIVER=armr5-none-eabi-ar" "COMPILER_FLAGS=  -O2 -c -mcpu=cortex-r5" "EXTRA_COMPILER_FLAGS=-g -DARMR5 -Wall -Wextra  -mfpu=vfpv3-d16"
Compiling avbuf
Running Make libs in psu_cortexr5_0/libsrc/dpdma_v1_1/src
make -C psu_cortexr5_0/libsrc/dpdma_v1_1/src -s libs  "SHELL=/bin/sh" "COMPILER=armr5-none-eabi-gcc" "ARCHIVER=armr5-none-eabi-ar" "COMPILER_FLAGS=  -O2 -c -mcpu=cortex-r5" "EXTRA_COMPILER_FLAGS=-g -DARMR5 -Wall -Wextra  -mfpu=vfpv3-d16"
Compiling dpdma
Running Make libs in psu_cortexr5_0/libsrc/freertos10_xilinx_v1_1/src
make -C psu_cortexr5_0/libsrc/freertos10_xilinx_v1_1/src -s libs  "SHELL=/bin/sh" "COMPILER=armr5-none-eabi-gcc" "ARCHIVER=armr5-none-eabi-ar" "COMPILER_FLAGS=  -O2 -c -mcpu=cortex-r5" "EXTRA_COMPILER_FLAGS=-g -DARMR5 -Wall -Wextra  -mfpu=vfpv3-d16"
Compiling standalone R5
Compiling FreeRTOS
armr5-none-eabi-ar: creating ../../../lib/libfreertos.a
Running Make libs in psu_cortexr5_0/libsrc/iicps_v3_7/src
make -C psu_cortexr5_0/libsrc/iicps_v3_7/src -s libs  "SHELL=/bin/sh" "COMPILER=armr5-none-eabi-gcc" "ARCHIVER=armr5-none-eabi-ar" "COMPILER_FLAGS=  -O2 -c -mcpu=cortex-r5" "EXTRA_COMPILER_FLAGS=-g -DARMR5 -Wall -Wextra  -mfpu=vfpv3-d16"
Compiling iicps
Running Make libs in psu_cortexr5_0/libsrc/resetps_v1_1/src
make -C psu_cortexr5_0/libsrc/resetps_v1_1/src -s libs  "SHELL=/bin/sh" "COMPILER=armr5-none-eabi-gcc" "ARCHIVER=armr5-none-eabi-ar" "COMPILER_FLAGS=  -O2 -c -mcpu=cortex-r5" "EXTRA_COMPILER_FLAGS=-g -DARMR5 -Wall -Wextra  -mfpu=vfpv3-d16"
Compiling resetps
xresetps.c: In function 'XResetPs_ResetAssert':
xresetps.c:762:12: warning: comparison is always false due to limited range of data type [-Wtype-limits]
   (ResetID < XRESETPS_RSTID_START)) {
            ^
xresetps.c: In function 'XResetPs_ResetDeassert':
xresetps.c:820:12: warning: comparison is always false due to limited range of data type [-Wtype-limits]
   (ResetID < XRESETPS_RSTID_START)) {
            ^
xresetps.c: In function 'XResetPs_ResetPulse':
xresetps.c:877:12: warning: comparison is always false due to limited range of data type [-Wtype-limits]
   (ResetID < XRESETPS_RSTID_START)) {
            ^
xresetps.c: In function 'XResetPs_ResetStatus':
xresetps.c:982:12: warning: comparison is always false due to limited range of data type [-Wtype-limits]
   (ResetID < XRESETPS_RSTID_START)) {
            ^
Running Make libs in psu_cortexr5_0/libsrc/libmetal_v1_4/src
make -C psu_cortexr5_0/libsrc/libmetal_v1_4/src -s libs  "SHELL=/bin/sh" "COMPILER=armr5-none-eabi-gcc" "ARCHIVER=armr5-none-eabi-ar" "COMPILER_FLAGS=  -O2 -c -mcpu=cortex-r5" "EXTRA_COMPILER_FLAGS=-g -DARMR5 -Wall -Wextra  -mfpu=vfpv3-d16"
Scanning dependencies of target metal-static
[  5%] Building C object lib/CMakeFiles/metal-static.dir/dma.c.obj
[ 11%] Building C object lib/CMakeFiles/metal-static.dir/device.c.obj
[ 16%] Building C object lib/CMakeFiles/metal-static.dir/init.c.obj
[ 22%] Building C object lib/CMakeFiles/metal-static.dir/io.c.obj
[ 27%] Building C object lib/CMakeFiles/metal-static.dir/log.c.obj
[ 33%] Building C object lib/CMakeFiles/metal-static.dir/shmem.c.obj
[ 38%] Building C object lib/CMakeFiles/metal-static.dir/version.c.obj
[ 44%] Building C object lib/CMakeFiles/metal-static.dir/system/freertos/cache.c.obj
[ 50%] Building C object lib/CMakeFiles/metal-static.dir/system/freertos/condition.c.obj
[ 55%] Building C object lib/CMakeFiles/metal-static.dir/system/freertos/device.c.obj
[ 61%] Building C object lib/CMakeFiles/metal-static.dir/system/freertos/init.c.obj
[ 66%] Building C object lib/CMakeFiles/metal-static.dir/system/freertos/io.c.obj
[ 72%] Building C object lib/CMakeFiles/metal-static.dir/system/freertos/irq.c.obj
[ 77%] Building C object lib/CMakeFiles/metal-static.dir/system/freertos/shmem.c.obj
[ 83%] Building C object lib/CMakeFiles/metal-static.dir/system/freertos/sleep.c.obj
[ 88%] Building C object lib/CMakeFiles/metal-static.dir/system/freertos/time.c.obj
[ 94%] Building C object lib/CMakeFiles/metal-static.dir/system/freertos/zynqmp_r5/sys.c.obj
[100%] Linking C static library libmetal.a
/opt/vivado_2018.2/SDK/2018.2/gnu/armr5/lin/gcc-arm-none-eabi/bin/armr5-none-eabi-ar cq libmetal.a  CMakeFiles/metal-static.dir/dma.c.obj CMakeFiles/metal-static.dir/device.c.obj CMakeFiles/metal-static.dir/init.c.obj CMakeFiles/metal-static.dir/io.c.obj CMakeFiles/metal-static.dir/log.c.obj CMakeFiles/metal-static.dir/shmem.c.obj CMakeFiles/metal-static.dir/version.c.obj CMakeFiles/metal-static.dir/system/freertos/cache.c.obj CMakeFiles/metal-static.dir/system/freertos/condition.c.obj CMakeFiles/metal-static.dir/system/freertos/device.c.obj CMakeFiles/metal-static.dir/system/freertos/init.c.obj CMakeFiles/metal-static.dir/system/freertos/io.c.obj CMakeFiles/metal-static.dir/system/freertos/irq.c.obj CMakeFiles/metal-static.dir/system/freertos/shmem.c.obj CMakeFiles/metal-static.dir/system/freertos/sleep.c.obj CMakeFiles/metal-static.dir/system/freertos/time.c.obj CMakeFiles/metal-static.dir/system/freertos/zynqmp_r5/sys.c.obj
/opt/vivado_2018.2/SDK/2018.2/gnu/armr5/lin/gcc-arm-none-eabi/bin/armr5-none-eabi-ranlib libmetal.a
[100%] Built target metal-static
Install the project...
-- Install configuration: "Debug"
-- Installing: ../../../include/metal/alloc.h
-- Installing: ../../../include/metal/atomic.h
-- Installing: ../../../include/metal/cache.h
-- Installing: ../../../include/metal/compiler.h
-- Installing: ../../../include/metal/condition.h
-- Installing: ../../../include/metal/config.h
-- Installing: ../../../include/metal/cpu.h
-- Installing: ../../../include/metal/device.h
-- Installing: ../../../include/metal/dma.h
-- Installing: ../../../include/metal/io.h
-- Installing: ../../../include/metal/irq.h
-- Installing: ../../../include/metal/list.h
-- Installing: ../../../include/metal/log.h
-- Installing: ../../../include/metal/mutex.h
-- Installing: ../../../include/metal/shmem.h
-- Installing: ../../../include/metal/sleep.h
-- Installing: ../../../include/metal/spinlock.h
-- Installing: ../../../include/metal/sys.h
-- Installing: ../../../include/metal/time.h
-- Installing: ../../../include/metal/utilities.h
-- Installing: ../../../include/metal/version.h
-- Installing: ../../../include/metal/compiler/gcc/atomic.h
-- Installing: ../../../include/metal/compiler/gcc/compiler.h
-- Installing: ../../../include/metal/processor/arm/atomic.h
-- Installing: ../../../include/metal/processor/arm/cpu.h
-- Installing: ../../../include/metal/system/freertos/alloc.h
-- Installing: ../../../include/metal/system/freertos/condition.h
-- Installing: ../../../include/metal/system/freertos/io.h
-- Installing: ../../../include/metal/system/freertos/irq.h
-- Installing: ../../../include/metal/system/freertos/mutex.h
-- Installing: ../../../include/metal/system/freertos/sys.h
-- Installing: ../../../include/metal/system/freertos/zynqmp_r5/sys.h
-- Installing: ../../../lib/libmetal.a
Running Make libs in psu_cortexr5_0/libsrc/wdtps_v3_0/src
make -C psu_cortexr5_0/libsrc/wdtps_v3_0/src -s libs  "SHELL=/bin/sh" "COMPILER=armr5-none-eabi-gcc" "ARCHIVER=armr5-none-eabi-ar" "COMPILER_FLAGS=  -O2 -c -mcpu=cortex-r5" "EXTRA_COMPILER_FLAGS=-g -DARMR5 -Wall -Wextra  -mfpu=vfpv3-d16"
Compiling wdtps
Running Make libs in psu_cortexr5_0/libsrc/video_common_v4_4/src
make -C psu_cortexr5_0/libsrc/video_common_v4_4/src -s libs  "SHELL=/bin/sh" "COMPILER=armr5-none-eabi-gcc" "ARCHIVER=armr5-none-eabi-ar" "COMPILER_FLAGS=  -O2 -c -mcpu=cortex-r5" "EXTRA_COMPILER_FLAGS=-g -DARMR5 -Wall -Wextra  -mfpu=vfpv3-d16"
Compiling video_common
Running Make libs in psu_cortexr5_0/libsrc/rtcpsu_v1_5/src
make -C psu_cortexr5_0/libsrc/rtcpsu_v1_5/src -s libs  "SHELL=/bin/sh" "COMPILER=armr5-none-eabi-gcc" "ARCHIVER=armr5-none-eabi-ar" "COMPILER_FLAGS=  -O2 -c -mcpu=cortex-r5" "EXTRA_COMPILER_FLAGS=-g -DARMR5 -Wall -Wextra  -mfpu=vfpv3-d16"
Compiling rtcpsu
Running Make libs in psu_cortexr5_0/libsrc/ddrcpsu_v1_1/src
make -C psu_cortexr5_0/libsrc/ddrcpsu_v1_1/src -s libs  "SHELL=/bin/sh" "COMPILER=armr5-none-eabi-gcc" "ARCHIVER=armr5-none-eabi-ar" "COMPILER_FLAGS=  -O2 -c -mcpu=cortex-r5" "EXTRA_COMPILER_FLAGS=-g -DARMR5 -Wall -Wextra  -mfpu=vfpv3-d16"
Compiling ddrcpsu
Running Make libs in psu_cortexr5_0/libsrc/spips_v3_1/src
make -C psu_cortexr5_0/libsrc/spips_v3_1/src -s libs  "SHELL=/bin/sh" "COMPILER=armr5-none-eabi-gcc" "ARCHIVER=armr5-none-eabi-ar" "COMPILER_FLAGS=  -O2 -c -mcpu=cortex-r5" "EXTRA_COMPILER_FLAGS=-g -DARMR5 -Wall -Wextra  -mfpu=vfpv3-d16"
Compiling spips
Running Make libs in psu_cortexr5_0/libsrc/sysmonpsu_v2_4/src
make -C psu_cortexr5_0/libsrc/sysmonpsu_v2_4/src -s libs  "SHELL=/bin/sh" "COMPILER=armr5-none-eabi-gcc" "ARCHIVER=armr5-none-eabi-ar" "COMPILER_FLAGS=  -O2 -c -mcpu=cortex-r5" "EXTRA_COMPILER_FLAGS=-g -DARMR5 -Wall -Wextra  -mfpu=vfpv3-d16"
Compiling sysmonpsu
Running Make libs in psu_cortexr5_0/libsrc/ttcps_v3_6/src
make -C psu_cortexr5_0/libsrc/ttcps_v3_6/src -s libs  "SHELL=/bin/sh" "COMPILER=armr5-none-eabi-gcc" "ARCHIVER=armr5-none-eabi-ar" "COMPILER_FLAGS=  -O2 -c -mcpu=cortex-r5" "EXTRA_COMPILER_FLAGS=-g -DARMR5 -Wall -Wextra  -mfpu=vfpv3-d16"
Compiling ttcps
Running Make libs in psu_cortexr5_0/libsrc/cpu_cortexr5_v1_4/src
make -C psu_cortexr5_0/libsrc/cpu_cortexr5_v1_4/src -s libs  "SHELL=/bin/sh" "COMPILER=armr5-none-eabi-gcc" "ARCHIVER=armr5-none-eabi-ar" "COMPILER_FLAGS=  -O2 -c -mcpu=cortex-r5" "EXTRA_COMPILER_FLAGS=-g -DARMR5 -Wall -Wextra  -mfpu=vfpv3-d16"
Compiling cpu_cortexr5
Running Make libs in psu_cortexr5_0/libsrc/axipmon_v6_6/src
make -C psu_cortexr5_0/libsrc/axipmon_v6_6/src -s libs  "SHELL=/bin/sh" "COMPILER=armr5-none-eabi-gcc" "ARCHIVER=armr5-none-eabi-ar" "COMPILER_FLAGS=  -O2 -c -mcpu=cortex-r5" "EXTRA_COMPILER_FLAGS=-g -DARMR5 -Wall -Wextra  -mfpu=vfpv3-d16"
Compiling axipmon
Running Make libs in psu_cortexr5_0/libsrc/sdps_v3_5/src
make -C psu_cortexr5_0/libsrc/sdps_v3_5/src -s libs  "SHELL=/bin/sh" "COMPILER=armr5-none-eabi-gcc" "ARCHIVER=armr5-none-eabi-ar" "COMPILER_FLAGS=  -O2 -c -mcpu=cortex-r5" "EXTRA_COMPILER_FLAGS=-g -DARMR5 -Wall -Wextra  -mfpu=vfpv3-d16"
Compiling sdps
Running Make libs in psu_cortexr5_0/libsrc/coresightps_dcc_v1_4/src
make -C psu_cortexr5_0/libsrc/coresightps_dcc_v1_4/src -s libs  "SHELL=/bin/sh" "COMPILER=armr5-none-eabi-gcc" "ARCHIVER=armr5-none-eabi-ar" "COMPILER_FLAGS=  -O2 -c -mcpu=cortex-r5" "EXTRA_COMPILER_FLAGS=-g -DARMR5 -Wall -Wextra  -mfpu=vfpv3-d16"
Compiling coresightps_dcc
Running Make libs in psu_cortexr5_0/libsrc/usbpsu_v1_4/src
make -C psu_cortexr5_0/libsrc/usbpsu_v1_4/src -s libs  "SHELL=/bin/sh" "COMPILER=armr5-none-eabi-gcc" "ARCHIVER=armr5-none-eabi-ar" "COMPILER_FLAGS=  -O2 -c -mcpu=cortex-r5" "EXTRA_COMPILER_FLAGS=-g -DARMR5 -Wall -Wextra  -mfpu=vfpv3-d16"
Compiling usbpsu
Finished building libraries

10:19:55 Build Finished (took 6s.527ms)

